[2022-12-21T18:02:47.018+0000] {taskinstance.py:1165} INFO - Dependencies all met for <TaskInstance: ml_pipeline.creating_storage_structures.creating_experiment_tracking_table manual__2022-12-21T18:02:43.892343+00:00 [queued]>
[2022-12-21T18:02:47.043+0000] {taskinstance.py:1165} INFO - Dependencies all met for <TaskInstance: ml_pipeline.creating_storage_structures.creating_experiment_tracking_table manual__2022-12-21T18:02:43.892343+00:00 [queued]>
[2022-12-21T18:02:47.044+0000] {taskinstance.py:1362} INFO - 
--------------------------------------------------------------------------------
[2022-12-21T18:02:47.045+0000] {taskinstance.py:1363} INFO - Starting attempt 1 of 1
[2022-12-21T18:02:47.046+0000] {taskinstance.py:1364} INFO - 
--------------------------------------------------------------------------------
[2022-12-21T18:02:47.091+0000] {taskinstance.py:1383} INFO - Executing <Task(PostgresOperator): creating_storage_structures.creating_experiment_tracking_table> on 2022-12-21 18:02:43.892343+00:00
[2022-12-21T18:02:47.107+0000] {standard_task_runner.py:55} INFO - Started process 328 to run task
[2022-12-21T18:02:47.117+0000] {standard_task_runner.py:82} INFO - Running: ['***', 'tasks', 'run', 'ml_pipeline', 'creating_storage_structures.creating_experiment_tracking_table', 'manual__2022-12-21T18:02:43.892343+00:00', '--job-id', '51', '--raw', '--subdir', 'DAGS_FOLDER/ml_pipeline.py', '--cfg-path', '/tmp/tmpulghs9x0']
[2022-12-21T18:02:47.122+0000] {standard_task_runner.py:83} INFO - Job 51: Subtask creating_storage_structures.creating_experiment_tracking_table
[2022-12-21T18:02:47.260+0000] {task_command.py:376} INFO - Running <TaskInstance: ml_pipeline.creating_storage_structures.creating_experiment_tracking_table manual__2022-12-21T18:02:43.892343+00:00 [running]> on host 14f73f9ae18a
[2022-12-21T18:02:47.389+0000] {taskinstance.py:1592} INFO - Exporting the following env vars:
AIRFLOW_CTX_DAG_OWNER=***
AIRFLOW_CTX_DAG_ID=ml_pipeline
AIRFLOW_CTX_TASK_ID=creating_storage_structures.creating_experiment_tracking_table
AIRFLOW_CTX_EXECUTION_DATE=2022-12-21T18:02:43.892343+00:00
AIRFLOW_CTX_TRY_NUMBER=1
AIRFLOW_CTX_DAG_RUN_ID=manual__2022-12-21T18:02:43.892343+00:00
[2022-12-21T18:02:47.409+0000] {base.py:71} INFO - Using connection ID 'postgres_default' for task execution.
[2022-12-21T18:02:47.418+0000] {sql.py:315} INFO - Running statement: CREATE TABLE IF NOT EXISTS experiments (
    experiment_id SERIAL PRIMARY KEY,
    experiment_datetime VARCHAR NOT NULL,
    cv_folds NUMERIC NOT NULL,
    logreg_maxiter NUMERIC NOT NULL,
    max_pca_components NUMERIC NOT NULL,
    best_logreg_c NUMERIC NOT NULL,
    best_pca_components NUMERIC NOT NULL,
    test_set_accuracy NUMERIC NOT NULL
);, parameters: None
[2022-12-21T18:02:47.420+0000] {postgres.py:96} INFO - NOTICE:  relation "experiments" already exists, skipping

[2022-12-21T18:02:47.440+0000] {taskinstance.py:1406} INFO - Marking task as SUCCESS. dag_id=ml_pipeline, task_id=creating_storage_structures.creating_experiment_tracking_table, execution_date=20221221T180243, start_date=20221221T180247, end_date=20221221T180247
[2022-12-21T18:02:47.489+0000] {local_task_job.py:164} INFO - Task exited with return code 0
[2022-12-21T18:02:47.552+0000] {local_task_job.py:273} INFO - 1 downstream tasks scheduled from follow-on schedule check
