[2022-12-21T18:02:49.542+0000] {taskinstance.py:1165} INFO - Dependencies all met for <TaskInstance: ml_pipeline.fetching_data manual__2022-12-21T18:02:43.892343+00:00 [queued]>
[2022-12-21T18:02:49.558+0000] {taskinstance.py:1165} INFO - Dependencies all met for <TaskInstance: ml_pipeline.fetching_data manual__2022-12-21T18:02:43.892343+00:00 [queued]>
[2022-12-21T18:02:49.558+0000] {taskinstance.py:1362} INFO - 
--------------------------------------------------------------------------------
[2022-12-21T18:02:49.560+0000] {taskinstance.py:1363} INFO - Starting attempt 1 of 1
[2022-12-21T18:02:49.561+0000] {taskinstance.py:1364} INFO - 
--------------------------------------------------------------------------------
[2022-12-21T18:02:49.593+0000] {taskinstance.py:1383} INFO - Executing <Task(PythonOperator): fetching_data> on 2022-12-21 18:02:43.892343+00:00
[2022-12-21T18:02:49.628+0000] {standard_task_runner.py:55} INFO - Started process 331 to run task
[2022-12-21T18:02:49.635+0000] {standard_task_runner.py:82} INFO - Running: ['***', 'tasks', 'run', 'ml_pipeline', 'fetching_data', 'manual__2022-12-21T18:02:43.892343+00:00', '--job-id', '52', '--raw', '--subdir', 'DAGS_FOLDER/ml_pipeline.py', '--cfg-path', '/tmp/tmpfx34euot']
[2022-12-21T18:02:49.667+0000] {standard_task_runner.py:83} INFO - Job 52: Subtask fetching_data
[2022-12-21T18:02:49.759+0000] {task_command.py:376} INFO - Running <TaskInstance: ml_pipeline.fetching_data manual__2022-12-21T18:02:43.892343+00:00 [running]> on host 14f73f9ae18a
[2022-12-21T18:02:49.871+0000] {taskinstance.py:1592} INFO - Exporting the following env vars:
AIRFLOW_CTX_DAG_OWNER=***
AIRFLOW_CTX_DAG_ID=ml_pipeline
AIRFLOW_CTX_TASK_ID=fetching_data
AIRFLOW_CTX_EXECUTION_DATE=2022-12-21T18:02:43.892343+00:00
AIRFLOW_CTX_TRY_NUMBER=1
AIRFLOW_CTX_DAG_RUN_ID=manual__2022-12-21T18:02:43.892343+00:00
[2022-12-21T18:02:49.928+0000] {python.py:177} INFO - Done. Returned value was: None
[2022-12-21T18:02:49.949+0000] {taskinstance.py:1406} INFO - Marking task as SUCCESS. dag_id=ml_pipeline, task_id=fetching_data, execution_date=20221221T180243, start_date=20221221T180249, end_date=20221221T180249
[2022-12-21T18:02:50.007+0000] {local_task_job.py:164} INFO - Task exited with return code 0
[2022-12-21T18:02:50.071+0000] {local_task_job.py:273} INFO - 2 downstream tasks scheduled from follow-on schedule check
