[2022-12-21T18:02:47.003+0000] {taskinstance.py:1165} INFO - Dependencies all met for <TaskInstance: ml_pipeline.creating_storage_structures.creating_batch_data_table manual__2022-12-21T18:02:43.892343+00:00 [queued]>
[2022-12-21T18:02:47.028+0000] {taskinstance.py:1165} INFO - Dependencies all met for <TaskInstance: ml_pipeline.creating_storage_structures.creating_batch_data_table manual__2022-12-21T18:02:43.892343+00:00 [queued]>
[2022-12-21T18:02:47.029+0000] {taskinstance.py:1362} INFO - 
--------------------------------------------------------------------------------
[2022-12-21T18:02:47.031+0000] {taskinstance.py:1363} INFO - Starting attempt 1 of 1
[2022-12-21T18:02:47.031+0000] {taskinstance.py:1364} INFO - 
--------------------------------------------------------------------------------
[2022-12-21T18:02:47.068+0000] {taskinstance.py:1383} INFO - Executing <Task(PostgresOperator): creating_storage_structures.creating_batch_data_table> on 2022-12-21 18:02:43.892343+00:00
[2022-12-21T18:02:47.081+0000] {standard_task_runner.py:55} INFO - Started process 327 to run task
[2022-12-21T18:02:47.095+0000] {standard_task_runner.py:82} INFO - Running: ['***', 'tasks', 'run', 'ml_pipeline', 'creating_storage_structures.creating_batch_data_table', 'manual__2022-12-21T18:02:43.892343+00:00', '--job-id', '50', '--raw', '--subdir', 'DAGS_FOLDER/ml_pipeline.py', '--cfg-path', '/tmp/tmpluw050pa']
[2022-12-21T18:02:47.102+0000] {standard_task_runner.py:83} INFO - Job 50: Subtask creating_storage_structures.creating_batch_data_table
[2022-12-21T18:02:47.237+0000] {task_command.py:376} INFO - Running <TaskInstance: ml_pipeline.creating_storage_structures.creating_batch_data_table manual__2022-12-21T18:02:43.892343+00:00 [running]> on host 14f73f9ae18a
[2022-12-21T18:02:47.379+0000] {taskinstance.py:1592} INFO - Exporting the following env vars:
AIRFLOW_CTX_DAG_OWNER=***
AIRFLOW_CTX_DAG_ID=ml_pipeline
AIRFLOW_CTX_TASK_ID=creating_storage_structures.creating_batch_data_table
AIRFLOW_CTX_EXECUTION_DATE=2022-12-21T18:02:43.892343+00:00
AIRFLOW_CTX_TRY_NUMBER=1
AIRFLOW_CTX_DAG_RUN_ID=manual__2022-12-21T18:02:43.892343+00:00
[2022-12-21T18:02:47.402+0000] {base.py:71} INFO - Using connection ID 'postgres_default' for task execution.
[2022-12-21T18:02:47.409+0000] {sql.py:315} INFO - Running statement: CREATE TABLE IF NOT EXISTS batch_data (
    patient_id SERIAL PRIMARY KEY,
	mean_radius NUMERIC NOT NULL,
	mean_texture NUMERIC NOT NULL,
	mean_perimeter NUMERIC NOT NULL,
	mean_area NUMERIC NOT NULL,
	mean_smoothness NUMERIC NOT NULL,
	mean_compactness NUMERIC NOT NULL,
	mean_concavity NUMERIC NOT NULL,
	mean_concave_points NUMERIC NOT NULL,
	mean_symmetry NUMERIC NOT NULL,
	mean_fractal_dimension NUMERIC NOT NULL,
	radius_error NUMERIC NOT NULL,
	texture_error NUMERIC NOT NULL,
	perimeter_error NUMERIC NOT NULL,
	area_error NUMERIC NOT NULL,
	smoothness_error NUMERIC NOT NULL,
	compactness_error NUMERIC NOT NULL,
	concavity_error NUMERIC NOT NULL,
	concave_points_error NUMERIC NOT NULL,
	symmetry_error NUMERIC NOT NULL,
	fractal_dimension_error NUMERIC NOT NULL,
	worst_radius NUMERIC NOT NULL,
	worst_texture NUMERIC NOT NULL,
	worst_perimeter NUMERIC NOT NULL,
	worst_area NUMERIC NOT NULL,
	worst_smoothness NUMERIC NOT NULL,
	worst_compactness NUMERIC NOT NULL,
	worst_concavity NUMERIC NOT NULL,
	worst_concave_points NUMERIC NOT NULL,
	worst_symmetry NUMERIC NOT NULL,
	worst_fractal_dimension NUMERIC NOT NULL,
	label NUMERIC NOT NULL
);, parameters: None
[2022-12-21T18:02:47.413+0000] {postgres.py:96} INFO - NOTICE:  relation "batch_data" already exists, skipping

[2022-12-21T18:02:47.437+0000] {taskinstance.py:1406} INFO - Marking task as SUCCESS. dag_id=ml_pipeline, task_id=creating_storage_structures.creating_batch_data_table, execution_date=20221221T180243, start_date=20221221T180247, end_date=20221221T180247
[2022-12-21T18:02:47.508+0000] {local_task_job.py:164} INFO - Task exited with return code 0
[2022-12-21T18:02:47.604+0000] {local_task_job.py:273} INFO - 0 downstream tasks scheduled from follow-on schedule check
